Number of atoms: 7
Input Cartesian coordinates:
6  0.00000  0.00000  0.00000
6  0.00000  0.00000  2.84511
8  1.89912  0.00000  4.13906
1 -1.89405  0.00000  3.74769
1  1.94250  0.00000 -0.70115
1 -1.00730 -1.66997 -0.70592
1 -1.00730  1.66997 -0.70592
Interatomic distances (bohr):
1 0  2.84511
2 0  4.55395
2 1  2.29803
3 0  4.19912
3 1  2.09811
3 2  3.81330
4 0  2.06517
4 1  4.04342
4 2  4.84040
4 3  5.87463
5 0  2.07407
5 1  4.05133
5 2  5.89151
5 3  4.83836
5 4  3.38971
6 0  2.07407
6 1  4.05133
6 2  5.89151
6 3  4.83836
6 4  3.38971
6 5  3.33994

Bond angles:
 2- 1- 0 124.268308
 3- 1- 0 115.479341
 3- 2- 1  28.377448
 5- 4- 0  35.109529
 6- 4- 0  35.109529
 6- 5- 0  36.373677
 6- 5- 4  60.484476
